[debug] [2021-07-29T12:57:41.302Z] ----------------------------------------------------------------------
[debug] [2021-07-29T12:57:41.311Z] Command:       C:\Program Files\nodejs\node.exe C:\Users\User\AppData\Roaming\npm\node_modules\firebase-tools\lib\bin\firebase.js deploy
[debug] [2021-07-29T12:57:41.312Z] CLI Version:   9.2.1
[debug] [2021-07-29T12:57:41.312Z] Platform:      win32
[debug] [2021-07-29T12:57:41.312Z] Node Version:  v14.16.1
[debug] [2021-07-29T12:57:41.482Z] Time:          Thu Jul 29 2021 13:57:41 GMT+0100 (West Africa Standard Time)
[debug] [2021-07-29T12:57:41.482Z] ----------------------------------------------------------------------
[debug] [2021-07-29T12:57:41.483Z] 
[debug] [2021-07-29T12:57:41.525Z] >>> [apiv2][query] GET https://firebase-public.firebaseio.com/cli.json [none]
[debug] [2021-07-29T12:57:41.647Z] > command requires scopes: ["email","openid","https://www.googleapis.com/auth/cloudplatformprojects.readonly","https://www.googleapis.com/auth/firebase","https://www.googleapis.com/auth/cloud-platform"]
[debug] [2021-07-29T12:57:41.650Z] > authorizing via signed-in user
[debug] [2021-07-29T12:57:41.651Z] [iam] checking project mitareas for permissions ["datastore.indexes.create","datastore.indexes.delete","datastore.indexes.list","datastore.indexes.update","firebase.projects.get","firebasehosting.sites.update"]
[debug] [2021-07-29T12:57:41.659Z] > refreshing access token with scopes: ["email","https://www.googleapis.com/auth/cloud-platform","https://www.googleapis.com/auth/cloudplatformprojects.readonly","https://www.googleapis.com/auth/firebase","openid"]
[debug] [2021-07-29T12:57:41.659Z] >>> HTTP REQUEST POST https://www.googleapis.com/oauth2/v3/token  
 <request body omitted>
[debug] [2021-07-29T12:57:43.343Z] <<< HTTP RESPONSE 200 {"expires":"Mon, 01 Jan 1990 00:00:00 GMT","date":"Thu, 29 Jul 2021 12:57:43 GMT","cache-control":"no-cache, no-store, max-age=0, must-revalidate","pragma":"no-cache","content-type":"application/json; charset=utf-8","vary":"X-Origin, Referer, Origin,Accept-Encoding","server":"scaffolding on HTTPServer2","x-xss-protection":"0","x-frame-options":"SAMEORIGIN","x-content-type-options":"nosniff","alt-svc":"h3=\":443\"; ma=2592000,h3-29=\":443\"; ma=2592000,h3-T051=\":443\"; ma=2592000,h3-Q050=\":443\"; ma=2592000,h3-Q046=\":443\"; ma=2592000,h3-Q043=\":443\"; ma=2592000,quic=\":443\"; ma=2592000; v=\"46,43\"","accept-ranges":"none","transfer-encoding":"chunked"}
[debug] [2021-07-29T12:57:43.399Z] >>> HTTP REQUEST POST https://cloudresourcemanager.googleapis.com/v1/projects/mitareas:testIamPermissions  
 {"permissions":["datastore.indexes.create","datastore.indexes.delete","datastore.indexes.list","datastore.indexes.update","firebase.projects.get","firebasehosting.sites.update"]}
[debug] [2021-07-29T12:57:43.509Z] <<< [apiv2][status] GET https://firebase-public.firebaseio.com/cli.json 200
[debug] [2021-07-29T12:57:43.509Z] <<< [apiv2][body] GET https://firebase-public.firebaseio.com/cli.json {"cloudBuildErrorAfter":1594252800000,"cloudBuildWarnAfter":1590019200000,"defaultNode10After":1594252800000,"minVersion":"3.0.5","node8DeploysDisabledAfter":1613390400000,"node8RuntimeDisabledAfter":1615809600000,"node8WarnAfter":1600128000000}
[debug] [2021-07-29T12:57:56.110Z] <<< HTTP RESPONSE 200 {"content-type":"application/json; charset=UTF-8","vary":"X-Origin, Referer, Origin,Accept-Encoding","date":"Thu, 29 Jul 2021 12:57:45 GMT","server":"ESF","cache-control":"private","x-xss-protection":"0","x-frame-options":"SAMEORIGIN","x-content-type-options":"nosniff","server-timing":"gfet4t7; dur=1119","alt-svc":"h3=\":443\"; ma=2592000,h3-29=\":443\"; ma=2592000,h3-T051=\":443\"; ma=2592000,h3-Q050=\":443\"; ma=2592000,h3-Q046=\":443\"; ma=2592000,h3-Q043=\":443\"; ma=2592000,quic=\":443\"; ma=2592000; v=\"46,43\"","accept-ranges":"none","transfer-encoding":"chunked"}
[debug] [2021-07-29T12:57:56.112Z] [iam] error while checking permissions, command may fail: FirebaseError: Authorization failed. This account is missing the following required permissions on project mitareas:

  datastore.indexes.create
  datastore.indexes.delete
  datastore.indexes.list
  datastore.indexes.update
  firebase.projects.get
  firebasehosting.sites.update
[debug] [2021-07-29T12:57:56.114Z] > refreshing access token with scopes: []
[debug] [2021-07-29T12:57:56.115Z] >>> HTTP REQUEST POST https://www.googleapis.com/oauth2/v3/token  
 <request body omitted>
[debug] [2021-07-29T12:58:01.648Z] <<< HTTP RESPONSE 200 {"date":"Thu, 29 Jul 2021 12:58:01 GMT","pragma":"no-cache","cache-control":"no-cache, no-store, max-age=0, must-revalidate","expires":"Mon, 01 Jan 1990 00:00:00 GMT","content-type":"application/json; charset=utf-8","vary":"X-Origin, Referer, Origin,Accept-Encoding","server":"scaffolding on HTTPServer2","x-xss-protection":"0","x-frame-options":"SAMEORIGIN","x-content-type-options":"nosniff","alt-svc":"h3=\":443\"; ma=2592000,h3-29=\":443\"; ma=2592000,h3-T051=\":443\"; ma=2592000,h3-Q050=\":443\"; ma=2592000,h3-Q046=\":443\"; ma=2592000,h3-Q043=\":443\"; ma=2592000,quic=\":443\"; ma=2592000; v=\"46,43\"","accept-ranges":"none","transfer-encoding":"chunked"}
[debug] [2021-07-29T12:58:01.741Z] >>> [apiv2][query] GET https://firebase.googleapis.com/v1beta1/projects/mitareas [none]
[debug] [2021-07-29T12:58:28.667Z] Failed to make request to https://firebase.googleapis.com/v1beta1/projects/mitareas
[debug] [2021-07-29T12:58:30.461Z] FirebaseError: Failed to make request to https://firebase.googleapis.com/v1beta1/projects/mitareas
    at Client.doRequest (C:\Users\User\AppData\Roaming\npm\node_modules\firebase-tools\lib\apiv2.js:193:19)
    at processTicksAndRejections (internal/process/task_queues.js:93:5)
    at async Client.request (C:\Users\User\AppData\Roaming\npm\node_modules\firebase-tools\lib\apiv2.js:93:20)
    at async Object.getFirebaseProject (C:\Users\User\AppData\Roaming\npm\node_modules\firebase-tools\lib\management\projects.js:289:21)
    at async Object.getDefaultHostingSite (C:\Users\User\AppData\Roaming\npm\node_modules\firebase-tools\lib\getDefaultHostingSite.js:8:21)
    at async requireHostingSite (C:\Users\User\AppData\Roaming\npm\node_modules\firebase-tools\lib\requireHostingSite.js:9:18)
    at async Object.fn (C:\Users\User\AppData\Roaming\npm\node_modules\firebase-tools\lib\commands\deploy.js:66:9)
    at async C:\Users\User\AppData\Roaming\npm\node_modules\firebase-tools\lib\command.js:161:17
[error] 
[error] Error: Failed to get Firebase project mitareas. Please make sure the project exists and your account has permission to access it.
[debug] [2021-07-29T18:22:36.794Z] ----------------------------------------------------------------------
[debug] [2021-07-29T18:22:36.911Z] Command:       C:\Program Files\nodejs\node.exe C:\Users\User\AppData\Roaming\npm\node_modules\firebase-tools\lib\bin\firebase.js deploy
[debug] [2021-07-29T18:22:36.926Z] CLI Version:   9.2.1
[debug] [2021-07-29T18:22:36.929Z] Platform:      win32
[debug] [2021-07-29T18:22:36.932Z] Node Version:  v14.16.1
[debug] [2021-07-29T18:22:37.151Z] Time:          Thu Jul 29 2021 19:22:36 GMT+0100 (West Africa Standard Time)
[debug] [2021-07-29T18:22:37.157Z] ----------------------------------------------------------------------
[debug] [2021-07-29T18:22:37.159Z] 
[debug] [2021-07-29T18:22:37.867Z] > command requires scopes: ["email","openid","https://www.googleapis.com/auth/cloudplatformprojects.readonly","https://www.googleapis.com/auth/firebase","https://www.googleapis.com/auth/cloud-platform"]
[debug] [2021-07-29T18:22:37.960Z] > authorizing via signed-in user
[debug] [2021-07-29T18:22:37.968Z] [iam] checking project mitareas for permissions ["datastore.indexes.create","datastore.indexes.delete","datastore.indexes.list","datastore.indexes.update","firebase.projects.get","firebasehosting.sites.update"]
[debug] [2021-07-29T18:22:38.133Z] > refreshing access token with scopes: ["email","https://www.googleapis.com/auth/cloud-platform","https://www.googleapis.com/auth/cloudplatformprojects.readonly","https://www.googleapis.com/auth/firebase","openid"]
[debug] [2021-07-29T18:22:38.137Z] >>> HTTP REQUEST POST https://www.googleapis.com/oauth2/v3/token  
 <request body omitted>
[debug] [2021-07-29T18:22:40.974Z] <<< HTTP RESPONSE 200 {"pragma":"no-cache","expires":"Mon, 01 Jan 1990 00:00:00 GMT","cache-control":"no-cache, no-store, max-age=0, must-revalidate","date":"Thu, 29 Jul 2021 18:22:41 GMT","content-type":"application/json; charset=utf-8","vary":"X-Origin, Referer, Origin,Accept-Encoding","server":"scaffolding on HTTPServer2","x-xss-protection":"0","x-frame-options":"SAMEORIGIN","x-content-type-options":"nosniff","alt-svc":"h3=\":443\"; ma=2592000,h3-29=\":443\"; ma=2592000,h3-T051=\":443\"; ma=2592000,h3-Q050=\":443\"; ma=2592000,h3-Q046=\":443\"; ma=2592000,h3-Q043=\":443\"; ma=2592000,quic=\":443\"; ma=2592000; v=\"46,43\"","accept-ranges":"none","transfer-encoding":"chunked"}
[debug] [2021-07-29T18:22:41.457Z] >>> HTTP REQUEST POST https://cloudresourcemanager.googleapis.com/v1/projects/mitareas:testIamPermissions  
 {"permissions":["datastore.indexes.create","datastore.indexes.delete","datastore.indexes.list","datastore.indexes.update","firebase.projects.get","firebasehosting.sites.update"]}
[debug] [2021-07-29T18:22:43.647Z] <<< HTTP RESPONSE 200 {"content-type":"application/json; charset=UTF-8","vary":"X-Origin, Referer, Origin,Accept-Encoding","date":"Thu, 29 Jul 2021 18:22:44 GMT","server":"ESF","cache-control":"private","x-xss-protection":"0","x-frame-options":"SAMEORIGIN","x-content-type-options":"nosniff","server-timing":"gfet4t7; dur=1153","alt-svc":"h3=\":443\"; ma=2592000,h3-29=\":443\"; ma=2592000,h3-T051=\":443\"; ma=2592000,h3-Q050=\":443\"; ma=2592000,h3-Q046=\":443\"; ma=2592000,h3-Q043=\":443\"; ma=2592000,quic=\":443\"; ma=2592000; v=\"46,43\"","accept-ranges":"none","transfer-encoding":"chunked"}
[debug] [2021-07-29T18:22:43.656Z] [iam] error while checking permissions, command may fail: FirebaseError: Authorization failed. This account is missing the following required permissions on project mitareas:

  datastore.indexes.create
  datastore.indexes.delete
  datastore.indexes.list
  datastore.indexes.update
  firebase.projects.get
  firebasehosting.sites.update
[debug] [2021-07-29T18:22:43.671Z] > refreshing access token with scopes: []
[debug] [2021-07-29T18:22:43.673Z] >>> HTTP REQUEST POST https://www.googleapis.com/oauth2/v3/token  
 <request body omitted>
[debug] [2021-07-29T18:22:44.441Z] <<< HTTP RESPONSE 200 {"cache-control":"no-cache, no-store, max-age=0, must-revalidate","expires":"Mon, 01 Jan 1990 00:00:00 GMT","date":"Thu, 29 Jul 2021 18:22:45 GMT","pragma":"no-cache","content-type":"application/json; charset=utf-8","vary":"X-Origin, Referer, Origin,Accept-Encoding","server":"scaffolding on HTTPServer2","x-xss-protection":"0","x-frame-options":"SAMEORIGIN","x-content-type-options":"nosniff","alt-svc":"h3=\":443\"; ma=2592000,h3-29=\":443\"; ma=2592000,h3-T051=\":443\"; ma=2592000,h3-Q050=\":443\"; ma=2592000,h3-Q046=\":443\"; ma=2592000,h3-Q043=\":443\"; ma=2592000,quic=\":443\"; ma=2592000; v=\"46,43\"","accept-ranges":"none","transfer-encoding":"chunked"}
[debug] [2021-07-29T18:22:44.593Z] >>> [apiv2][query] GET https://firebase.googleapis.com/v1beta1/projects/mitareas [none]
[debug] [2021-07-29T18:22:45.561Z] <<< [apiv2][status] GET https://firebase.googleapis.com/v1beta1/projects/mitareas 403
[debug] [2021-07-29T18:22:45.568Z] <<< [apiv2][body] GET https://firebase.googleapis.com/v1beta1/projects/mitareas {"error":{"code":403,"message":"The caller does not have permission","status":"PERMISSION_DENIED"}}
[debug] [2021-07-29T18:22:45.594Z] HTTP Error: 403, The caller does not have permission
[debug] [2021-07-29T18:22:46.368Z] FirebaseError: HTTP Error: 403, The caller does not have permission
    at module.exports (C:\Users\User\AppData\Roaming\npm\node_modules\firebase-tools\lib\responseToError.js:38:12)
    at Client.doRequest (C:\Users\User\AppData\Roaming\npm\node_modules\firebase-tools\lib\apiv2.js:220:23)
    at processTicksAndRejections (internal/process/task_queues.js:93:5)
    at async Client.request (C:\Users\User\AppData\Roaming\npm\node_modules\firebase-tools\lib\apiv2.js:93:20)
    at async Object.getFirebaseProject (C:\Users\User\AppData\Roaming\npm\node_modules\firebase-tools\lib\management\projects.js:289:21)
    at async Object.getDefaultHostingSite (C:\Users\User\AppData\Roaming\npm\node_modules\firebase-tools\lib\getDefaultHostingSite.js:8:21)
    at async requireHostingSite (C:\Users\User\AppData\Roaming\npm\node_modules\firebase-tools\lib\requireHostingSite.js:9:18)
    at async Object.fn (C:\Users\User\AppData\Roaming\npm\node_modules\firebase-tools\lib\commands\deploy.js:66:9)
    at async C:\Users\User\AppData\Roaming\npm\node_modules\firebase-tools\lib\command.js:161:17
[error] 
[error] Error: Failed to get Firebase project mitareas. Please make sure the project exists and your account has permission to access it.
